<?xml version="1.0" encoding="UTF-8"?>
<testsuite xmlns:xsi="http://www.w3.org/2001/XMLSchema-instance" xsi:schemaLocation="https://maven.apache.org/surefire/maven-surefire-plugin/xsd/surefire-test-report.xsd" name="TestSuite" time="51.978" tests="6" errors="0" skipped="0" failures="0">
  <properties>
[...]
</properties>
  <testcase name="VerifyLoginPageTitleTest" classname="com.qa.creatio.tests.LoginPageTest" time="0.005"/>
  <testcase name="verfyHomePageTitleTest" classname="com.qa.creatio.tests.HomePageTest" time="0.004"/>
  <testcase name="verifyCreateAccountLinkTest" classname="com.qa.creatio.tests.LoginPageTest" time="0.042"/>
  <testcase name="verifyHomePageHeaderTest" classname="com.qa.creatio.tests.HomePageTest" time="0.02"/>
  <testcase name="doLoginTest" classname="com.qa.creatio.tests.LoginPageTest" time="3.409"/>
  <testcase name="verifyLoggedInAccountNameTest" classname="com.qa.creatio.tests.HomePageTest" time="0.018"/>
</testsuite>