<?xml version="1.0" encoding="UTF-8"?>
<!-- Generated by org.testng.reporters.JUnitXMLReporter -->
<testsuite ignored="0" hostname="DESKTOP-2ES9E9Q" failures="0" tests="6" name="Creatio Regression Test" time="51.757" errors="0" timestamp="13 Sep 2022 22:28:42 GMT">
  <testcase classname="com.qa.creatio.tests.LoginPageTest" name="VerifyLoginPageTitleTest" time="0.005"/>
  <testcase classname="com.qa.creatio.tests.HomePageTest" name="verfyHomePageTitleTest" time="0.003"/>
  <testcase classname="com.qa.creatio.tests.LoginPageTest" name="verifyCreateAccountLinkTest" time="0.041"/>
  <testcase classname="com.qa.creatio.tests.HomePageTest" name="verifyHomePageHeaderTest" time="0.019"/>
  <testcase classname="com.qa.creatio.tests.LoginPageTest" name="doLoginTest" time="3.408"/>
  <testcase classname="com.qa.creatio.tests.HomePageTest" name="verifyLoggedInAccountNameTest" time="0.018"/>
</testsuite> <!-- Creatio Regression Test -->
