<?xml version="1.0" encoding="UTF-8"?>
<testng-results ignored="0" total="6" passed="6" failed="0" skipped="0">
  <reporter-output>
  </reporter-output>
  <suite started-at="2022-09-13T20:10:13 EDT" name="Creatio Test Suite" finished-at="2022-09-13T20:11:05 EDT" duration-ms="51807">
    <groups>
    </groups>
    <test started-at="2022-09-13T20:10:13 EDT" name="Creatio Regression Test" finished-at="2022-09-13T20:11:05 EDT" duration-ms="51807">
      <class name="com.qa.creatio.tests.LoginPageTest">
        <test-method is-config="true" signature="setup()[pri:0, instance:com.qa.creatio.tests.LoginPageTest@10289886]" started-at="2022-09-13T20:10:13 EDT" name="setup" finished-at="2022-09-13T20:10:18 EDT" duration-ms="4723" status="PASS">
          <reporter-output>
          </reporter-output>
        </test-method> <!-- setup -->
        <test-method signature="VerifyLoginPageTitleTest()[pri:1, instance:com.qa.creatio.tests.LoginPageTest@10289886]" started-at="2022-09-13T20:10:18 EDT" name="VerifyLoginPageTitleTest" finished-at="2022-09-13T20:10:18 EDT" duration-ms="11" status="PASS">
          <reporter-output>
          </reporter-output>
        </test-method> <!-- VerifyLoginPageTitleTest -->
        <test-method is-config="true" signature="tearDown()[pri:0, instance:com.qa.creatio.tests.LoginPageTest@10289886]" started-at="2022-09-13T20:10:18 EDT" name="tearDown" finished-at="2022-09-13T20:10:19 EDT" duration-ms="614" status="PASS">
          <reporter-output>
          </reporter-output>
        </test-method> <!-- tearDown -->
        <test-method is-config="true" signature="setup()[pri:0, instance:com.qa.creatio.tests.LoginPageTest@10289886]" started-at="2022-09-13T20:10:19 EDT" name="setup" finished-at="2022-09-13T20:10:23 EDT" duration-ms="4378" status="PASS">
          <reporter-output>
          </reporter-output>
        </test-method> <!-- setup -->
        <test-method signature="verifyCreateAccountLinkTest()[pri:2, instance:com.qa.creatio.tests.LoginPageTest@10289886]" started-at="2022-09-13T20:10:23 EDT" name="verifyCreateAccountLinkTest" finished-at="2022-09-13T20:10:23 EDT" duration-ms="44" status="PASS">
          <reporter-output>
          </reporter-output>
        </test-method> <!-- verifyCreateAccountLinkTest -->
        <test-method is-config="true" signature="tearDown()[pri:0, instance:com.qa.creatio.tests.LoginPageTest@10289886]" started-at="2022-09-13T20:10:23 EDT" name="tearDown" finished-at="2022-09-13T20:10:24 EDT" duration-ms="629" status="PASS">
          <reporter-output>
          </reporter-output>
        </test-method> <!-- tearDown -->
        <test-method is-config="true" signature="setup()[pri:0, instance:com.qa.creatio.tests.LoginPageTest@10289886]" started-at="2022-09-13T20:10:24 EDT" name="setup" finished-at="2022-09-13T20:10:28 EDT" duration-ms="4399" status="PASS">
          <reporter-output>
          </reporter-output>
        </test-method> <!-- setup -->
        <test-method signature="doLoginTest()[pri:3, instance:com.qa.creatio.tests.LoginPageTest@10289886]" started-at="2022-09-13T20:10:28 EDT" name="doLoginTest" finished-at="2022-09-13T20:10:32 EDT" duration-ms="3607" status="PASS">
          <reporter-output>
          </reporter-output>
        </test-method> <!-- doLoginTest -->
        <test-method is-config="true" signature="tearDown()[pri:0, instance:com.qa.creatio.tests.LoginPageTest@10289886]" started-at="2022-09-13T20:10:32 EDT" name="tearDown" finished-at="2022-09-13T20:10:32 EDT" duration-ms="83" status="PASS">
          <reporter-output>
          </reporter-output>
        </test-method> <!-- tearDown -->
      </class> <!-- com.qa.creatio.tests.LoginPageTest -->
      <class name="com.qa.creatio.tests.HomePageTest">
        <test-method is-config="true" signature="setUp()[pri:0, instance:com.qa.creatio.tests.HomePageTest@18ece7f4]" started-at="2022-09-13T20:10:32 EDT" name="setUp" finished-at="2022-09-13T20:10:43 EDT" duration-ms="10891" status="PASS">
          <reporter-output>
          </reporter-output>
        </test-method> <!-- setUp -->
        <test-method signature="verfyHomePageTitleTest()[pri:1, instance:com.qa.creatio.tests.HomePageTest@18ece7f4]" started-at="2022-09-13T20:10:43 EDT" name="verfyHomePageTitleTest" finished-at="2022-09-13T20:10:43 EDT" duration-ms="9" status="PASS">
          <reporter-output>
          </reporter-output>
        </test-method> <!-- verfyHomePageTitleTest -->
        <test-method is-config="true" signature="tearDown()[pri:0, instance:com.qa.creatio.tests.HomePageTest@18ece7f4]" started-at="2022-09-13T20:10:43 EDT" name="tearDown" finished-at="2022-09-13T20:10:43 EDT" duration-ms="84" status="PASS">
          <reporter-output>
          </reporter-output>
        </test-method> <!-- tearDown -->
        <test-method is-config="true" signature="setUp()[pri:0, instance:com.qa.creatio.tests.HomePageTest@18ece7f4]" started-at="2022-09-13T20:10:43 EDT" name="setUp" finished-at="2022-09-13T20:10:54 EDT" duration-ms="11126" status="PASS">
          <reporter-output>
          </reporter-output>
        </test-method> <!-- setUp -->
        <test-method signature="verifyHomePageHeaderTest()[pri:2, instance:com.qa.creatio.tests.HomePageTest@18ece7f4]" started-at="2022-09-13T20:10:54 EDT" name="verifyHomePageHeaderTest" finished-at="2022-09-13T20:10:54 EDT" duration-ms="19" status="PASS">
          <reporter-output>
          </reporter-output>
        </test-method> <!-- verifyHomePageHeaderTest -->
        <test-method is-config="true" signature="tearDown()[pri:0, instance:com.qa.creatio.tests.HomePageTest@18ece7f4]" started-at="2022-09-13T20:10:54 EDT" name="tearDown" finished-at="2022-09-13T20:10:54 EDT" duration-ms="89" status="PASS">
          <reporter-output>
          </reporter-output>
        </test-method> <!-- tearDown -->
        <test-method is-config="true" signature="setUp()[pri:0, instance:com.qa.creatio.tests.HomePageTest@18ece7f4]" started-at="2022-09-13T20:10:54 EDT" name="setUp" finished-at="2022-09-13T20:11:05 EDT" duration-ms="10967" status="PASS">
          <reporter-output>
          </reporter-output>
        </test-method> <!-- setUp -->
        <test-method signature="verifyLoggedInAccountNameTest()[pri:3, instance:com.qa.creatio.tests.HomePageTest@18ece7f4]" started-at="2022-09-13T20:11:05 EDT" name="verifyLoggedInAccountNameTest" finished-at="2022-09-13T20:11:05 EDT" duration-ms="18" status="PASS">
          <reporter-output>
          </reporter-output>
        </test-method> <!-- verifyLoggedInAccountNameTest -->
        <test-method is-config="true" signature="tearDown()[pri:0, instance:com.qa.creatio.tests.HomePageTest@18ece7f4]" started-at="2022-09-13T20:11:05 EDT" name="tearDown" finished-at="2022-09-13T20:11:05 EDT" duration-ms="89" status="PASS">
          <reporter-output>
          </reporter-output>
        </test-method> <!-- tearDown -->
      </class> <!-- com.qa.creatio.tests.HomePageTest -->
    </test> <!-- Creatio Regression Test -->
  </suite> <!-- Creatio Test Suite -->
</testng-results>
